<?xml version="1.0" encoding="UTF-8"?>
<testsuites name="jest tests" tests="125" failures="1" time="9.794">
  <testsuite name="Protocol &gt; Requests &gt; OffsetCommit &gt; v4" errors="0" failures="0" skipped="0" timestamp="2021-08-18T00:51:25" time="2.883" tests="2">
    <testcase classname="Protocol &gt; Requests &gt; OffsetCommit &gt; v4 request" name="Protocol &gt; Requests &gt; OffsetCommit &gt; v4 request" time="0.018">
    </testcase>
    <testcase classname="Protocol &gt; Requests &gt; OffsetCommit &gt; v4 request with metadata" name="Protocol &gt; Requests &gt; OffsetCommit &gt; v4 request with metadata" time="0.006">
    </testcase>
  </testsuite>
  <testsuite name="Protocol &gt; Requests &gt; OffsetCommit &gt; v3" errors="0" failures="0" skipped="0" timestamp="2021-08-18T00:51:25" time="2.902" tests="2">
    <testcase classname="Protocol &gt; Requests &gt; OffsetCommit &gt; v3 request" name="Protocol &gt; Requests &gt; OffsetCommit &gt; v3 request" time="0.02">
    </testcase>
    <testcase classname="Protocol &gt; Requests &gt; OffsetCommit &gt; v3 request with metadata" name="Protocol &gt; Requests &gt; OffsetCommit &gt; v3 request with metadata" time="0.006">
    </testcase>
  </testsuite>
  <testsuite name="Protocol &gt; Requests &gt; OffsetCommit &gt; v5" errors="0" failures="0" skipped="0" timestamp="2021-08-18T00:51:25" time="2.907" tests="2">
    <testcase classname="Protocol &gt; Requests &gt; OffsetCommit &gt; v5 request" name="Protocol &gt; Requests &gt; OffsetCommit &gt; v5 request" time="0.017">
    </testcase>
    <testcase classname="Protocol &gt; Requests &gt; OffsetCommit &gt; v5 request with metadata" name="Protocol &gt; Requests &gt; OffsetCommit &gt; v5 request with metadata" time="0.006">
    </testcase>
  </testsuite>
  <testsuite name="Protocol &gt; Requests &gt; Produce &gt; v0" errors="0" failures="0" skipped="0" timestamp="2021-08-18T00:51:25" time="2.906" tests="2">
    <testcase classname="Protocol &gt; Requests &gt; Produce &gt; v0 request encode" name="Protocol &gt; Requests &gt; Produce &gt; v0 request encode" time="0.012">
    </testcase>
    <testcase classname="Protocol &gt; Requests &gt; Produce &gt; v0 request when acks=0 expectResponse returns false" name="Protocol &gt; Requests &gt; Produce &gt; v0 request when acks=0 expectResponse returns false" time="0.001">
    </testcase>
  </testsuite>
  <testsuite name="Protocol &gt; Requests &gt; Produce &gt; v4" errors="0" failures="0" skipped="0" timestamp="2021-08-18T00:51:25" time="2.968" tests="2">
    <testcase classname="Protocol &gt; Requests &gt; Produce &gt; v4 request" name="Protocol &gt; Requests &gt; Produce &gt; v4 request" time="0.022">
    </testcase>
    <testcase classname="Protocol &gt; Requests &gt; Produce &gt; v4 when acks=0 expectResponse returns false" name="Protocol &gt; Requests &gt; Produce &gt; v4 when acks=0 expectResponse returns false" time="0.001">
    </testcase>
  </testsuite>
  <testsuite name="Protocol &gt; Requests &gt; Produce &gt; v3" errors="0" failures="0" skipped="0" timestamp="2021-08-18T00:51:25" time="2.968" tests="2">
    <testcase classname="Protocol &gt; Requests &gt; Produce &gt; v3 request" name="Protocol &gt; Requests &gt; Produce &gt; v3 request" time="0.021">
    </testcase>
    <testcase classname="Protocol &gt; Requests &gt; Produce &gt; v3 when acks=0 expectResponse returns false" name="Protocol &gt; Requests &gt; Produce &gt; v3 when acks=0 expectResponse returns false" time="0.001">
    </testcase>
  </testsuite>
  <testsuite name="Protocol &gt; Requests &gt; Produce &gt; v5" errors="0" failures="0" skipped="0" timestamp="2021-08-18T00:51:25" time="3.006" tests="2">
    <testcase classname="Protocol &gt; Requests &gt; Produce &gt; v5 request" name="Protocol &gt; Requests &gt; Produce &gt; v5 request" time="0.021">
    </testcase>
    <testcase classname="Protocol &gt; Requests &gt; Produce &gt; v5 when acks=0 expectResponse returns false" name="Protocol &gt; Requests &gt; Produce &gt; v5 when acks=0 expectResponse returns false" time="0.001">
    </testcase>
  </testsuite>
  <testsuite name="Protocol &gt; Requests &gt; Produce &gt; v7" errors="0" failures="0" skipped="0" timestamp="2021-08-18T00:51:25" time="2.984" tests="2">
    <testcase classname="Protocol &gt; Requests &gt; Produce &gt; v7 request" name="Protocol &gt; Requests &gt; Produce &gt; v7 request" time="0.031">
    </testcase>
    <testcase classname="Protocol &gt; Requests &gt; Produce &gt; v7 when acks=0 expectResponse returns false" name="Protocol &gt; Requests &gt; Produce &gt; v7 when acks=0 expectResponse returns false" time="0.001">
    </testcase>
  </testsuite>
  <testsuite name="Protocol &gt; Requests &gt; Produce &gt; v6" errors="0" failures="0" skipped="0" timestamp="2021-08-18T00:51:25" time="3.032" tests="2">
    <testcase classname="Protocol &gt; Requests &gt; Produce &gt; v6 request" name="Protocol &gt; Requests &gt; Produce &gt; v6 request" time="0.034">
    </testcase>
    <testcase classname="Protocol &gt; Requests &gt; Produce &gt; v6 when acks=0 expectResponse returns false" name="Protocol &gt; Requests &gt; Produce &gt; v6 when acks=0 expectResponse returns false" time="0.003">
    </testcase>
  </testsuite>
  <testsuite name="Network &gt; SocketRequest" errors="0" failures="0" skipped="0" timestamp="2021-08-18T00:51:25" time="3.008" tests="8">
    <testcase classname="Network &gt; SocketRequest #send sends the request using the provided function" name="Network &gt; SocketRequest #send sends the request using the provided function" time="0.011">
    </testcase>
    <testcase classname="Network &gt; SocketRequest #send does not call sendRequest more than once" name="Network &gt; SocketRequest #send does not call sendRequest more than once" time="0.048">
    </testcase>
    <testcase classname="Network &gt; SocketRequest #send executes the timeoutHandler when it times out" name="Network &gt; SocketRequest #send executes the timeoutHandler when it times out" time="0.005">
    </testcase>
    <testcase classname="Network &gt; SocketRequest #completed resolves the promise" name="Network &gt; SocketRequest #completed resolves the promise" time="0.004">
    </testcase>
    <testcase classname="Network &gt; SocketRequest #completed does not call resolve more than once" name="Network &gt; SocketRequest #completed does not call resolve more than once" time="0.003">
    </testcase>
    <testcase classname="Network &gt; SocketRequest #rejected rejects the promise" name="Network &gt; SocketRequest #rejected rejects the promise" time="0.002">
    </testcase>
    <testcase classname="Network &gt; SocketRequest #rejected does not call reject more than once" name="Network &gt; SocketRequest #rejected does not call reject more than once" time="0.003">
    </testcase>
    <testcase classname="Network &gt; SocketRequest instrumentation events emits NETWORK_REQUEST" name="Network &gt; SocketRequest instrumentation events emits NETWORK_REQUEST" time="0.003">
    </testcase>
  </testsuite>
  <testsuite name="Protocol &gt; Requests &gt; Produce &gt; v2" errors="0" failures="1" skipped="0" timestamp="2021-08-18T00:51:25" time="3.09" tests="3">
    <testcase classname="Protocol &gt; Requests &gt; Produce &gt; v2 request" name="Protocol &gt; Requests &gt; Produce &gt; v2 request" time="0.016">
    </testcase>
    <testcase classname="Protocol &gt; Requests &gt; Produce &gt; v2 request with gzip" name="Protocol &gt; Requests &gt; Produce &gt; v2 request with gzip" time="0.024">
      <failure>Error: Cannot find module &apos;../fixtures/v2_request_gzip_windows_nt.json&apos; from &apos;request.spec.js&apos;
    at Resolver.resolveModule (C:\Users\wesge\Desktop\Coding\Projects\kafkajs\node_modules\jest-resolve\build\index.js:276:11)
    at Resolver._getVirtualMockPath (C:\Users\wesge\Desktop\Coding\Projects\kafkajs\node_modules\jest-resolve\build\index.js:402:14)
    at Resolver._getAbsolutePath (C:\Users\wesge\Desktop\Coding\Projects\kafkajs\node_modules\jest-resolve\build\index.js:388:14)
    at Resolver.getModuleID (C:\Users\wesge\Desktop\Coding\Projects\kafkajs\node_modules\jest-resolve\build\index.js:361:31)
    at Runtime._shouldMock (C:\Users\wesge\Desktop\Coding\Projects\kafkajs\node_modules\jest-runtime\build\index.js:1121:37)
    at Runtime.require [as requireModuleOrMock] (C:\Users\wesge\Desktop\Coding\Projects\kafkajs\node_modules\jest-runtime\build\index.js:696:16)
    at Object.&lt;anonymous&gt; (C:\Users\wesge\Desktop\Coding\Projects\kafkajs\src\protocol\requests\produce\v2\request.spec.js:111:40)
    at processTicksAndRejections (internal/process/task_queues.js:93:5)
    at _runTest (C:\Users\wesge\Desktop\Coding\Projects\kafkajs\node_modules\jest-circus\build\run.js:140:3)
    at _runTestsForDescribeBlock (C:\Users\wesge\Desktop\Coding\Projects\kafkajs\node_modules\jest-circus\build\run.js:54:5)</failure>
    </testcase>
    <testcase classname="Protocol &gt; Requests &gt; Produce &gt; v2 when acks=0 expectResponse returns false" name="Protocol &gt; Requests &gt; Produce &gt; v2 when acks=0 expectResponse returns false" time="0.001">
    </testcase>
  </testsuite>
  <testsuite name="Protocol &gt; Requests &gt; DescribeGroups &gt; v1" errors="0" failures="0" skipped="0" timestamp="2021-08-18T00:51:28" time="0.554" tests="1">
    <testcase classname="Protocol &gt; Requests &gt; DescribeGroups &gt; v1 request" name="Protocol &gt; Requests &gt; DescribeGroups &gt; v1 request" time="0.015">
    </testcase>
  </testsuite>
  <testsuite name="Protocol &gt; Requests &gt; AddPartitionsToTxn &gt; v1" errors="0" failures="0" skipped="0" timestamp="2021-08-18T00:51:28" time="0.577" tests="1">
    <testcase classname="Protocol &gt; Requests &gt; AddPartitionsToTxn &gt; v1 request" name="Protocol &gt; Requests &gt; AddPartitionsToTxn &gt; v1 request" time="0.015">
    </testcase>
  </testsuite>
  <testsuite name="Protocol &gt; Requests &gt; CreateTopics &gt; v3" errors="0" failures="0" skipped="0" timestamp="2021-08-18T00:51:28" time="0.598" tests="1">
    <testcase classname="Protocol &gt; Requests &gt; CreateTopics &gt; v3 request" name="Protocol &gt; Requests &gt; CreateTopics &gt; v3 request" time="0.012">
    </testcase>
  </testsuite>
  <testsuite name="Protocol &gt; Requests &gt; FindCoordinator &gt; v0" errors="0" failures="0" skipped="0" timestamp="2021-08-18T00:51:28" time="0.605" tests="1">
    <testcase classname="Protocol &gt; Requests &gt; FindCoordinator &gt; v0 request" name="Protocol &gt; Requests &gt; FindCoordinator &gt; v0 request" time="0.009">
    </testcase>
  </testsuite>
  <testsuite name="Protocol &gt; Requests &gt; Metadata &gt; v1" errors="0" failures="0" skipped="0" timestamp="2021-08-18T00:51:28" time="0.664" tests="1">
    <testcase classname="Protocol &gt; Requests &gt; Metadata &gt; v1 request" name="Protocol &gt; Requests &gt; Metadata &gt; v1 request" time="0.01">
    </testcase>
  </testsuite>
  <testsuite name="Protocol &gt; Requests &gt; CreateTopics &gt; v2" errors="0" failures="0" skipped="0" timestamp="2021-08-18T00:51:28" time="0.655" tests="1">
    <testcase classname="Protocol &gt; Requests &gt; CreateTopics &gt; v2 request" name="Protocol &gt; Requests &gt; CreateTopics &gt; v2 request" time="0.014">
    </testcase>
  </testsuite>
  <testsuite name="Protocol &gt; Requests &gt; FindCoordinator &gt; v1" errors="0" failures="0" skipped="0" timestamp="2021-08-18T00:51:28" time="0.604" tests="1">
    <testcase classname="Protocol &gt; Requests &gt; FindCoordinator &gt; v1 request" name="Protocol &gt; Requests &gt; FindCoordinator &gt; v1 request" time="0.025">
    </testcase>
  </testsuite>
  <testsuite name="Protocol &gt; Requests &gt; AddOffsetsToTxn &gt; v1" errors="0" failures="0" skipped="0" timestamp="2021-08-18T00:51:28" time="0.641" tests="1">
    <testcase classname="Protocol &gt; Requests &gt; AddOffsetsToTxn &gt; v1 request" name="Protocol &gt; Requests &gt; AddOffsetsToTxn &gt; v1 request" time="0.034">
    </testcase>
  </testsuite>
  <testsuite name="Protocol &gt; Requests &gt; SaslAuthenticate &gt; v0" errors="0" failures="0" skipped="0" timestamp="2021-08-18T00:51:28" time="0.613" tests="2">
    <testcase classname="Protocol &gt; Requests &gt; SaslAuthenticate &gt; v0 request PLAIN encode" name="Protocol &gt; Requests &gt; SaslAuthenticate &gt; v0 request PLAIN encode" time="0.039">
    </testcase>
    <testcase classname="Protocol &gt; Requests &gt; SaslAuthenticate &gt; v0 request SCRAM encode" name="Protocol &gt; Requests &gt; SaslAuthenticate &gt; v0 request SCRAM encode" time="0.014">
    </testcase>
  </testsuite>
  <testsuite name="Protocol &gt; Requests &gt; Metadata &gt; v4" errors="0" failures="0" skipped="0" timestamp="2021-08-18T00:51:28" time="0.535" tests="1">
    <testcase classname="Protocol &gt; Requests &gt; Metadata &gt; v4 request" name="Protocol &gt; Requests &gt; Metadata &gt; v4 request" time="0.011">
    </testcase>
  </testsuite>
  <testsuite name="Protocol &gt; Requests &gt; Fetch &gt; v7" errors="0" failures="0" skipped="0" timestamp="2021-08-18T00:51:28" time="0.568" tests="1">
    <testcase classname="Protocol &gt; Requests &gt; Fetch &gt; v7 request" name="Protocol &gt; Requests &gt; Fetch &gt; v7 request" time="0.012">
    </testcase>
  </testsuite>
  <testsuite name="Protocol &gt; Requests &gt; LeaveGroup &gt; v2" errors="0" failures="0" skipped="0" timestamp="2021-08-18T00:51:28" time="0.63" tests="1">
    <testcase classname="Protocol &gt; Requests &gt; LeaveGroup &gt; v2 request" name="Protocol &gt; Requests &gt; LeaveGroup &gt; v2 request" time="0.011">
    </testcase>
  </testsuite>
  <testsuite name="Protocol &gt; Requests &gt; DescribeConfigs &gt; v0" errors="0" failures="0" skipped="0" timestamp="2021-08-18T00:51:28" time="0.584" tests="1">
    <testcase classname="Protocol &gt; Requests &gt; DescribeConfigs &gt; v0 request" name="Protocol &gt; Requests &gt; DescribeConfigs &gt; v0 request" time="0.011">
    </testcase>
  </testsuite>
  <testsuite name="Protocol &gt; Requests &gt; CreateTopics &gt; v0" errors="0" failures="0" skipped="0" timestamp="2021-08-18T00:51:28" time="0.618" tests="1">
    <testcase classname="Protocol &gt; Requests &gt; CreateTopics &gt; v0 request" name="Protocol &gt; Requests &gt; CreateTopics &gt; v0 request" time="0.01">
    </testcase>
  </testsuite>
  <testsuite name="Protocol &gt; Requests &gt; DescribeConfigs &gt; v2" errors="0" failures="0" skipped="0" timestamp="2021-08-18T00:51:29" time="0.581" tests="1">
    <testcase classname="Protocol &gt; Requests &gt; DescribeConfigs &gt; v2 request" name="Protocol &gt; Requests &gt; DescribeConfigs &gt; v2 request" time="0.013">
    </testcase>
  </testsuite>
  <testsuite name="Protocol &gt; Requests &gt; ListOffsets &gt; v1" errors="0" failures="0" skipped="0" timestamp="2021-08-18T00:51:29" time="0.525" tests="1">
    <testcase classname="Protocol &gt; Requests &gt; ListOffsets &gt; v1 request" name="Protocol &gt; Requests &gt; ListOffsets &gt; v1 request" time="0.013">
    </testcase>
  </testsuite>
  <testsuite name="Protocol &gt; Requests &gt; FindCoordinator &gt; v2" errors="0" failures="0" skipped="0" timestamp="2021-08-18T00:51:29" time="0.613" tests="1">
    <testcase classname="Protocol &gt; Requests &gt; FindCoordinator &gt; v2 request" name="Protocol &gt; Requests &gt; FindCoordinator &gt; v2 request" time="0.023">
    </testcase>
  </testsuite>
  <testsuite name="Protocol &gt; Requests &gt; Produce &gt; v1" errors="0" failures="0" skipped="0" timestamp="2021-08-18T00:51:28" time="0.743" tests="2">
    <testcase classname="Protocol &gt; Requests &gt; Produce &gt; v1 request use v0 protocol" name="Protocol &gt; Requests &gt; Produce &gt; v1 request use v0 protocol" time="0.007">
    </testcase>
    <testcase classname="Protocol &gt; Requests &gt; Produce &gt; v1 request has the correct apiVersion" name="Protocol &gt; Requests &gt; Produce &gt; v1 request has the correct apiVersion" time="0.001">
    </testcase>
  </testsuite>
  <testsuite name="Protocol &gt; Requests &gt; CreateAcls &gt; v0" errors="0" failures="0" skipped="0" timestamp="2021-08-18T00:51:28" time="0.793" tests="1">
    <testcase classname="Protocol &gt; Requests &gt; CreateAcls &gt; v0 request" name="Protocol &gt; Requests &gt; CreateAcls &gt; v0 request" time="0.039">
    </testcase>
  </testsuite>
  <testsuite name="Protocol &gt; Requests &gt; DescribeGroups &gt; v2" errors="0" failures="0" skipped="0" timestamp="2021-08-18T00:51:29" time="0.773" tests="1">
    <testcase classname="Protocol &gt; Requests &gt; DescribeGroups &gt; v2 request" name="Protocol &gt; Requests &gt; DescribeGroups &gt; v2 request" time="0.012">
    </testcase>
  </testsuite>
  <testsuite name="Protocol &gt; Requests &gt; Heartbeat &gt; v3" errors="0" failures="0" skipped="0" timestamp="2021-08-18T00:51:28" time="1.792" tests="1">
    <testcase classname="Protocol &gt; Requests &gt; Heartbeat &gt; v3 request" name="Protocol &gt; Requests &gt; Heartbeat &gt; v3 request" time="0.057">
    </testcase>
  </testsuite>
  <testsuite name="Protocol &gt; Requests &gt; CreateAcls &gt; v1" errors="0" failures="0" skipped="0" timestamp="2021-08-18T00:51:29" time="0.56" tests="1">
    <testcase classname="Protocol &gt; Requests &gt; CreateAcls &gt; v1 request" name="Protocol &gt; Requests &gt; CreateAcls &gt; v1 request" time="0.011">
    </testcase>
  </testsuite>
  <testsuite name="Protocol &gt; Requests &gt; Metadata &gt; v6" errors="0" failures="0" skipped="0" timestamp="2021-08-18T00:51:29" time="0.624" tests="1">
    <testcase classname="Protocol &gt; Requests &gt; Metadata &gt; v6 request" name="Protocol &gt; Requests &gt; Metadata &gt; v6 request" time="0.009">
    </testcase>
  </testsuite>
  <testsuite name="Protocol &gt; Requests &gt; ApiVersions &gt; v1" errors="0" failures="0" skipped="0" timestamp="2021-08-18T00:51:29" time="0.6" tests="1">
    <testcase classname="Protocol &gt; Requests &gt; ApiVersions &gt; v1 request" name="Protocol &gt; Requests &gt; ApiVersions &gt; v1 request" time="0.009">
    </testcase>
  </testsuite>
  <testsuite name="Protocol &gt; Requests &gt; InitProducerId &gt; v0" errors="0" failures="0" skipped="0" timestamp="2021-08-18T00:51:29" time="0.589" tests="1">
    <testcase classname="Protocol &gt; Requests &gt; InitProducerId &gt; v0 request" name="Protocol &gt; Requests &gt; InitProducerId &gt; v0 request" time="0.01">
    </testcase>
  </testsuite>
  <testsuite name="Protocol &gt; Requests &gt; DeleteTopics &gt; v1" errors="0" failures="0" skipped="0" timestamp="2021-08-18T00:51:29" time="0.593" tests="1">
    <testcase classname="Protocol &gt; Requests &gt; DeleteTopics &gt; v1 request" name="Protocol &gt; Requests &gt; DeleteTopics &gt; v1 request" time="0.012">
    </testcase>
  </testsuite>
  <testsuite name="Protocol &gt; Requests &gt; TxnOffsetCommit &gt; v0" errors="0" failures="0" skipped="0" timestamp="2021-08-18T00:51:29" time="0.608" tests="1">
    <testcase classname="Protocol &gt; Requests &gt; TxnOffsetCommit &gt; v0 request" name="Protocol &gt; Requests &gt; TxnOffsetCommit &gt; v0 request" time="0.046">
    </testcase>
  </testsuite>
  <testsuite name="Protocol &gt; Requests &gt; SyncGroup &gt; v1" errors="0" failures="0" skipped="0" timestamp="2021-08-18T00:51:29" time="0.612" tests="1">
    <testcase classname="Protocol &gt; Requests &gt; SyncGroup &gt; v1 request" name="Protocol &gt; Requests &gt; SyncGroup &gt; v1 request" time="0.021">
    </testcase>
  </testsuite>
  <testsuite name="Protocol &gt; Requests &gt; SyncGroup &gt; v2" errors="0" failures="0" skipped="0" timestamp="2021-08-18T00:51:29" time="0.649" tests="1">
    <testcase classname="Protocol &gt; Requests &gt; SyncGroup &gt; v2 request" name="Protocol &gt; Requests &gt; SyncGroup &gt; v2 request" time="0.02">
    </testcase>
  </testsuite>
  <testsuite name="Protocol &gt; Requests &gt; Fetch &gt; v10" errors="0" failures="0" skipped="0" timestamp="2021-08-18T00:51:29" time="0.734" tests="1">
    <testcase classname="Protocol &gt; Requests &gt; Fetch &gt; v10 request" name="Protocol &gt; Requests &gt; Fetch &gt; v10 request" time="0.026">
    </testcase>
  </testsuite>
  <testsuite name="Protocol &gt; Requests &gt; SaslAuthenticate &gt; v1" errors="0" failures="0" skipped="0" timestamp="2021-08-18T00:51:29" time="0.701" tests="2">
    <testcase classname="Protocol &gt; Requests &gt; SaslAuthenticate &gt; v1 request PLAIN encode" name="Protocol &gt; Requests &gt; SaslAuthenticate &gt; v1 request PLAIN encode" time="0.047">
    </testcase>
    <testcase classname="Protocol &gt; Requests &gt; SaslAuthenticate &gt; v1 request SCRAM encode" name="Protocol &gt; Requests &gt; SaslAuthenticate &gt; v1 request SCRAM encode" time="0.015">
    </testcase>
  </testsuite>
  <testsuite name="Protocol &gt; Requests &gt; SyncGroup &gt; v0" errors="0" failures="0" skipped="0" timestamp="2021-08-18T00:51:30" time="0.565" tests="1">
    <testcase classname="Protocol &gt; Requests &gt; SyncGroup &gt; v0 request" name="Protocol &gt; Requests &gt; SyncGroup &gt; v0 request" time="0.021">
    </testcase>
  </testsuite>
  <testsuite name="Protocol &gt; Requests &gt; Heartbeat &gt; v1" errors="0" failures="0" skipped="0" timestamp="2021-08-18T00:51:30" time="0.657" tests="1">
    <testcase classname="Protocol &gt; Requests &gt; Heartbeat &gt; v1 request" name="Protocol &gt; Requests &gt; Heartbeat &gt; v1 request" time="0.011">
    </testcase>
  </testsuite>
  <testsuite name="Protocol &gt; Requests &gt; JoinGroup &gt; v0" errors="0" failures="0" skipped="0" timestamp="2021-08-18T00:51:30" time="0.714" tests="1">
    <testcase classname="Protocol &gt; Requests &gt; JoinGroup &gt; v0 request" name="Protocol &gt; Requests &gt; JoinGroup &gt; v0 request" time="0.014">
    </testcase>
  </testsuite>
  <testsuite name="Protocol &gt; Requests &gt; Metadata &gt; v5" errors="0" failures="0" skipped="0" timestamp="2021-08-18T00:51:30" time="0.546" tests="1">
    <testcase classname="Protocol &gt; Requests &gt; Metadata &gt; v5 request" name="Protocol &gt; Requests &gt; Metadata &gt; v5 request" time="0.01">
    </testcase>
  </testsuite>
  <testsuite name="Protocol &gt; Requests &gt; Fetch &gt; v2" errors="0" failures="0" skipped="0" timestamp="2021-08-18T00:51:30" time="0.622" tests="1">
    <testcase classname="Protocol &gt; Requests &gt; Fetch &gt; v2 request" name="Protocol &gt; Requests &gt; Fetch &gt; v2 request" time="0.014">
    </testcase>
  </testsuite>
  <testsuite name="Protocol &gt; Requests &gt; LeaveGroup &gt; v3" errors="0" failures="0" skipped="0" timestamp="2021-08-18T00:51:30" time="0.632" tests="1">
    <testcase classname="Protocol &gt; Requests &gt; LeaveGroup &gt; v3 request" name="Protocol &gt; Requests &gt; LeaveGroup &gt; v3 request" time="0.011">
    </testcase>
  </testsuite>
  <testsuite name="Protocol &gt; Requests &gt; Fetch &gt; v1" errors="0" failures="0" skipped="0" timestamp="2021-08-18T00:51:30" time="0.591" tests="1">
    <testcase classname="Protocol &gt; Requests &gt; Fetch &gt; v1 request" name="Protocol &gt; Requests &gt; Fetch &gt; v1 request" time="0.012">
    </testcase>
  </testsuite>
  <testsuite name="Protocol &gt; Requests &gt; Metadata &gt; v3" errors="0" failures="0" skipped="0" timestamp="2021-08-18T00:51:30" time="0.63" tests="1">
    <testcase classname="Protocol &gt; Requests &gt; Metadata &gt; v3 request" name="Protocol &gt; Requests &gt; Metadata &gt; v3 request" time="0.008">
    </testcase>
  </testsuite>
  <testsuite name="Protocol &gt; Requests &gt; DeleteTopics &gt; v0" errors="0" failures="0" skipped="0" timestamp="2021-08-18T00:51:30" time="0.626" tests="1">
    <testcase classname="Protocol &gt; Requests &gt; DeleteTopics &gt; v0 request" name="Protocol &gt; Requests &gt; DeleteTopics &gt; v0 request" time="0.011">
    </testcase>
  </testsuite>
  <testsuite name="Protocol &gt; Requests &gt; JoinGroup &gt; v2" errors="0" failures="0" skipped="0" timestamp="2021-08-18T00:51:30" time="0.679" tests="1">
    <testcase classname="Protocol &gt; Requests &gt; JoinGroup &gt; v2 request" name="Protocol &gt; Requests &gt; JoinGroup &gt; v2 request" time="0.024">
    </testcase>
  </testsuite>
  <testsuite name="Protocol &gt; Requests &gt; DescribeAcls &gt; v0" errors="0" failures="0" skipped="0" timestamp="2021-08-18T00:51:30" time="0.688" tests="1">
    <testcase classname="Protocol &gt; Requests &gt; DescribeAcls &gt; v0 request" name="Protocol &gt; Requests &gt; DescribeAcls &gt; v0 request" time="0.015">
    </testcase>
  </testsuite>
  <testsuite name="Protocol &gt; Requests &gt; CreateTopics &gt; v1" errors="0" failures="0" skipped="0" timestamp="2021-08-18T00:51:30" time="0.545" tests="1">
    <testcase classname="Protocol &gt; Requests &gt; CreateTopics &gt; v1 request" name="Protocol &gt; Requests &gt; CreateTopics &gt; v1 request" time="0.012">
    </testcase>
  </testsuite>
  <testsuite name="Protocol &gt; Requests &gt; OffsetCommit &gt; v0" errors="0" failures="0" skipped="0" timestamp="2021-08-18T00:51:30" time="0.637" tests="2">
    <testcase classname="Protocol &gt; Requests &gt; OffsetCommit &gt; v0 request" name="Protocol &gt; Requests &gt; OffsetCommit &gt; v0 request" time="0.01">
    </testcase>
    <testcase classname="Protocol &gt; Requests &gt; OffsetCommit &gt; v0 request with metadata" name="Protocol &gt; Requests &gt; OffsetCommit &gt; v0 request with metadata" time="0.013">
    </testcase>
  </testsuite>
  <testsuite name="Protocol &gt; Requests &gt; EndTxn &gt; v1" errors="0" failures="0" skipped="0" timestamp="2021-08-18T00:51:30" time="0.663" tests="1">
    <testcase classname="Protocol &gt; Requests &gt; EndTxn &gt; v1 request" name="Protocol &gt; Requests &gt; EndTxn &gt; v1 request" time="0.06">
    </testcase>
  </testsuite>
  <testsuite name="Protocol &gt; Requests &gt; Metadata &gt; v0" errors="0" failures="0" skipped="0" timestamp="2021-08-18T00:51:30" time="0.643" tests="1">
    <testcase classname="Protocol &gt; Requests &gt; Metadata &gt; v0 request" name="Protocol &gt; Requests &gt; Metadata &gt; v0 request" time="0.008">
    </testcase>
  </testsuite>
  <testsuite name="Protocol &gt; Requests &gt; Offsets &gt; v0" errors="0" failures="0" skipped="0" timestamp="2021-08-18T00:51:30" time="0.67" tests="1">
    <testcase classname="Protocol &gt; Requests &gt; Offsets &gt; v0 request" name="Protocol &gt; Requests &gt; Offsets &gt; v0 request" time="0.011">
    </testcase>
  </testsuite>
  <testsuite name="Protocol &gt; Requests &gt; Fetch &gt; v8" errors="0" failures="0" skipped="0" timestamp="2021-08-18T00:51:30" time="0.725" tests="1">
    <testcase classname="Protocol &gt; Requests &gt; Fetch &gt; v8 request" name="Protocol &gt; Requests &gt; Fetch &gt; v8 request" time="0.023">
    </testcase>
  </testsuite>
  <testsuite name="Protocol &gt; Requests &gt; SyncGroup &gt; v2" errors="0" failures="0" skipped="0" timestamp="2021-08-18T00:51:30" time="0.654" tests="1">
    <testcase classname="Protocol &gt; Requests &gt; SyncGroup &gt; v2 request" name="Protocol &gt; Requests &gt; SyncGroup &gt; v2 request" time="0.016">
    </testcase>
  </testsuite>
  <testsuite name="Protocol &gt; Requests &gt; Fetch &gt; v4" errors="0" failures="0" skipped="0" timestamp="2021-08-18T00:51:30" time="0.642" tests="1">
    <testcase classname="Protocol &gt; Requests &gt; Fetch &gt; v4 request" name="Protocol &gt; Requests &gt; Fetch &gt; v4 request" time="0.013">
    </testcase>
  </testsuite>
  <testsuite name="Protocol &gt; Requests &gt; JoinGroup &gt; v5" errors="0" failures="0" skipped="0" timestamp="2021-08-18T00:51:31" time="0.676" tests="1">
    <testcase classname="Protocol &gt; Requests &gt; JoinGroup &gt; v5 request" name="Protocol &gt; Requests &gt; JoinGroup &gt; v5 request" time="0.019">
    </testcase>
  </testsuite>
  <testsuite name="Protocol &gt; Requests &gt; Fetch &gt; v6" errors="0" failures="0" skipped="0" timestamp="2021-08-18T00:51:31" time="0.692" tests="1">
    <testcase classname="Protocol &gt; Requests &gt; Fetch &gt; v6 request" name="Protocol &gt; Requests &gt; Fetch &gt; v6 request" time="0.012">
    </testcase>
  </testsuite>
  <testsuite name="Protocol &gt; Requests &gt; AlterConfigs &gt; v1" errors="0" failures="0" skipped="0" timestamp="2021-08-18T00:51:31" time="0.689" tests="1">
    <testcase classname="Protocol &gt; Requests &gt; AlterConfigs &gt; v1 request" name="Protocol &gt; Requests &gt; AlterConfigs &gt; v1 request" time="0.012">
    </testcase>
  </testsuite>
  <testsuite name="Protocol &gt; Requests &gt; DescribeAcls &gt; v1" errors="0" failures="0" skipped="0" timestamp="2021-08-18T00:51:31" time="0.622" tests="1">
    <testcase classname="Protocol &gt; Requests &gt; DescribeAcls &gt; v1 request" name="Protocol &gt; Requests &gt; DescribeAcls &gt; v1 request" time="0.011">
    </testcase>
  </testsuite>
  <testsuite name="Protocol &gt; Requests &gt; OffsetFetch &gt; v3" errors="0" failures="0" skipped="0" timestamp="2021-08-18T00:51:31" time="0.487" tests="1">
    <testcase classname="Protocol &gt; Requests &gt; OffsetFetch &gt; v3 request" name="Protocol &gt; Requests &gt; OffsetFetch &gt; v3 request" time="0.012">
    </testcase>
  </testsuite>
  <testsuite name="Protocol &gt; Requests &gt; LeaveGroup &gt; v1" errors="0" failures="0" skipped="0" timestamp="2021-08-18T00:51:31" time="0.55" tests="1">
    <testcase classname="Protocol &gt; Requests &gt; LeaveGroup &gt; v1 request" name="Protocol &gt; Requests &gt; LeaveGroup &gt; v1 request" time="0.012">
    </testcase>
  </testsuite>
  <testsuite name="Protocol &gt; Requests &gt; Heartbeat &gt; v0" errors="0" failures="0" skipped="0" timestamp="2021-08-18T00:51:31" time="0.56" tests="1">
    <testcase classname="Protocol &gt; Requests &gt; Heartbeat &gt; v0 request" name="Protocol &gt; Requests &gt; Heartbeat &gt; v0 request" time="0.028">
    </testcase>
  </testsuite>
  <testsuite name="Protocol &gt; Requests &gt; AlterConfigs &gt; v0" errors="0" failures="0" skipped="0" timestamp="2021-08-18T00:51:31" time="0.612" tests="1">
    <testcase classname="Protocol &gt; Requests &gt; AlterConfigs &gt; v0 request" name="Protocol &gt; Requests &gt; AlterConfigs &gt; v0 request" time="0.011">
    </testcase>
  </testsuite>
  <testsuite name="Protocol &gt; Requests &gt; TxnOffsetCommit &gt; v1" errors="0" failures="0" skipped="0" timestamp="2021-08-18T00:51:31" time="0.606" tests="1">
    <testcase classname="Protocol &gt; Requests &gt; TxnOffsetCommit &gt; v1 request" name="Protocol &gt; Requests &gt; TxnOffsetCommit &gt; v1 request" time="0.015">
    </testcase>
  </testsuite>
  <testsuite name="Protocol &gt; Requests &gt; ListOffsets &gt; v3" errors="0" failures="0" skipped="0" timestamp="2021-08-18T00:51:31" time="0.646" tests="1">
    <testcase classname="Protocol &gt; Requests &gt; ListOffsets &gt; v3 request" name="Protocol &gt; Requests &gt; ListOffsets &gt; v3 request" time="0.014">
    </testcase>
  </testsuite>
  <testsuite name="Protocol &gt; Requests &gt; AddPartitionsToTxn &gt; v0" errors="0" failures="0" skipped="0" timestamp="2021-08-18T00:51:31" time="0.641" tests="1">
    <testcase classname="Protocol &gt; Requests &gt; AddPartitionsToTxn &gt; v0 request" name="Protocol &gt; Requests &gt; AddPartitionsToTxn &gt; v0 request" time="0.025">
    </testcase>
  </testsuite>
  <testsuite name="Protocol &gt; Requests &gt; OffsetCommit &gt; v2" errors="0" failures="0" skipped="0" timestamp="2021-08-18T00:51:31" time="0.53" tests="2">
    <testcase classname="Protocol &gt; Requests &gt; OffsetCommit &gt; v2 request" name="Protocol &gt; Requests &gt; OffsetCommit &gt; v2 request" time="0.012">
    </testcase>
    <testcase classname="Protocol &gt; Requests &gt; OffsetCommit &gt; v2 request" name="Protocol &gt; Requests &gt; OffsetCommit &gt; v2 request" time="0.006">
    </testcase>
  </testsuite>
  <testsuite name="Protocol &gt; Requests &gt; JoinGroup &gt; v3" errors="0" failures="0" skipped="0" timestamp="2021-08-18T00:51:31" time="0.642" tests="1">
    <testcase classname="Protocol &gt; Requests &gt; JoinGroup &gt; v3 request" name="Protocol &gt; Requests &gt; JoinGroup &gt; v3 request" time="0.02">
    </testcase>
  </testsuite>
  <testsuite name="Protocol &gt; Requests &gt; OffsetFetch &gt; v4" errors="0" failures="0" skipped="0" timestamp="2021-08-18T00:51:32" time="0.632" tests="1">
    <testcase classname="Protocol &gt; Requests &gt; OffsetFetch &gt; v4 request" name="Protocol &gt; Requests &gt; OffsetFetch &gt; v4 request" time="0.042">
    </testcase>
  </testsuite>
  <testsuite name="Protocol &gt; Requests &gt; CreatePartitions &gt; v0" errors="0" failures="0" skipped="0" timestamp="2021-08-18T00:51:32" time="0.541" tests="1">
    <testcase classname="Protocol &gt; Requests &gt; CreatePartitions &gt; v0 request" name="Protocol &gt; Requests &gt; CreatePartitions &gt; v0 request" time="0.012">
    </testcase>
  </testsuite>
  <testsuite name="Protocol &gt; Requests &gt; OffsetFetch &gt; v2" errors="0" failures="0" skipped="0" timestamp="2021-08-18T00:51:32" time="0.56" tests="1">
    <testcase classname="Protocol &gt; Requests &gt; OffsetFetch &gt; v2 request" name="Protocol &gt; Requests &gt; OffsetFetch &gt; v2 request" time="0.01">
    </testcase>
  </testsuite>
  <testsuite name="Protocol &gt; Requests &gt; Fetch &gt; v9" errors="0" failures="0" skipped="0" timestamp="2021-08-18T00:51:32" time="0.542" tests="1">
    <testcase classname="Protocol &gt; Requests &gt; Fetch &gt; v9 request" name="Protocol &gt; Requests &gt; Fetch &gt; v9 request" time="0.017">
    </testcase>
  </testsuite>
  <testsuite name="Protocol &gt; Requests &gt; Fetch &gt; v5" errors="0" failures="0" skipped="0" timestamp="2021-08-18T00:51:32" time="0.506" tests="1">
    <testcase classname="Protocol &gt; Requests &gt; Fetch &gt; v5 request" name="Protocol &gt; Requests &gt; Fetch &gt; v5 request" time="0.014">
    </testcase>
  </testsuite>
  <testsuite name="Protocol &gt; Requests &gt; JoinGroup &gt; v4" errors="0" failures="0" skipped="0" timestamp="2021-08-18T00:51:32" time="0.605" tests="1">
    <testcase classname="Protocol &gt; Requests &gt; JoinGroup &gt; v4 request" name="Protocol &gt; Requests &gt; JoinGroup &gt; v4 request" time="0.027">
    </testcase>
  </testsuite>
  <testsuite name="Protocol &gt; Requests &gt; DeleteAcls &gt; v1" errors="0" failures="0" skipped="0" timestamp="2021-08-18T00:51:32" time="0.655" tests="1">
    <testcase classname="Protocol &gt; Requests &gt; DeleteAcls &gt; v1 request" name="Protocol &gt; Requests &gt; DeleteAcls &gt; v1 request" time="0.012">
    </testcase>
  </testsuite>
  <testsuite name="Protocol &gt; Requests &gt; Heartbeat &gt; v1" errors="0" failures="0" skipped="0" timestamp="2021-08-18T00:51:32" time="0.576" tests="1">
    <testcase classname="Protocol &gt; Requests &gt; Heartbeat &gt; v1 request" name="Protocol &gt; Requests &gt; Heartbeat &gt; v1 request" time="0.012">
    </testcase>
  </testsuite>
  <testsuite name="Protocol &gt; Requests &gt; AddPartitionsToTxn &gt; v0" errors="0" failures="0" skipped="0" timestamp="2021-08-18T00:51:32" time="0.595" tests="1">
    <testcase classname="Protocol &gt; Requests &gt; AddPartitionsToTxn &gt; v0 request" name="Protocol &gt; Requests &gt; AddPartitionsToTxn &gt; v0 request" time="0.013">
    </testcase>
  </testsuite>
  <testsuite name="Protocol &gt; Requests &gt; DeleteRecords &gt; v0" errors="0" failures="0" skipped="0" timestamp="2021-08-18T00:51:32" time="0.539" tests="1">
    <testcase classname="Protocol &gt; Requests &gt; DeleteRecords &gt; v0 request" name="Protocol &gt; Requests &gt; DeleteRecords &gt; v0 request" time="0.012">
    </testcase>
  </testsuite>
  <testsuite name="Protocol &gt; Requests &gt; OffsetCommit &gt; v1" errors="0" failures="0" skipped="0" timestamp="2021-08-18T00:51:32" time="0.58" tests="2">
    <testcase classname="Protocol &gt; Requests &gt; OffsetCommit &gt; v1 request" name="Protocol &gt; Requests &gt; OffsetCommit &gt; v1 request" time="0.017">
    </testcase>
    <testcase classname="Protocol &gt; Requests &gt; OffsetCommit &gt; v1 request with metadata" name="Protocol &gt; Requests &gt; OffsetCommit &gt; v1 request with metadata" time="0.006">
    </testcase>
  </testsuite>
  <testsuite name="Protocol &gt; Requests &gt; EndTxn &gt; v0" errors="0" failures="0" skipped="0" timestamp="2021-08-18T00:51:32" time="0.564" tests="1">
    <testcase classname="Protocol &gt; Requests &gt; EndTxn &gt; v0 request" name="Protocol &gt; Requests &gt; EndTxn &gt; v0 request" time="0.01">
    </testcase>
  </testsuite>
  <testsuite name="Protocol &gt; Requests &gt; InitProducerId &gt; v1" errors="0" failures="0" skipped="0" timestamp="2021-08-18T00:51:32" time="0.582" tests="1">
    <testcase classname="Protocol &gt; Requests &gt; InitProducerId &gt; v1 request" name="Protocol &gt; Requests &gt; InitProducerId &gt; v1 request" time="0.011">
    </testcase>
  </testsuite>
  <testsuite name="Protocol &gt; Requests &gt; JoinGroup &gt; v1" errors="0" failures="0" skipped="0" timestamp="2021-08-18T00:51:32" time="0.573" tests="1">
    <testcase classname="Protocol &gt; Requests &gt; JoinGroup &gt; v1 request" name="Protocol &gt; Requests &gt; JoinGroup &gt; v1 request" time="0.021">
    </testcase>
  </testsuite>
  <testsuite name="Protocol &gt; Requests &gt; ApiVersions &gt; v0" errors="0" failures="0" skipped="0" timestamp="2021-08-18T00:51:32" time="0.569" tests="1">
    <testcase classname="Protocol &gt; Requests &gt; ApiVersions &gt; v0 request" name="Protocol &gt; Requests &gt; ApiVersions &gt; v0 request" time="0.01">
    </testcase>
  </testsuite>
  <testsuite name="Protocol &gt; Requests &gt; Fetch &gt; v3" errors="0" failures="0" skipped="0" timestamp="2021-08-18T00:51:32" time="0.612" tests="1">
    <testcase classname="Protocol &gt; Requests &gt; Fetch &gt; v3 request" name="Protocol &gt; Requests &gt; Fetch &gt; v3 request" time="0.015">
    </testcase>
  </testsuite>
  <testsuite name="Protocol &gt; Requests &gt; OffsetFetch &gt; v1" errors="0" failures="0" skipped="0" timestamp="2021-08-18T00:51:32" time="0.498" tests="1">
    <testcase classname="Protocol &gt; Requests &gt; OffsetFetch &gt; v1 request" name="Protocol &gt; Requests &gt; OffsetFetch &gt; v1 request" time="0.012">
    </testcase>
  </testsuite>
  <testsuite name="Protocol &gt; Requests &gt; ApiVersions &gt; v2" errors="0" failures="0" skipped="0" timestamp="2021-08-18T00:51:32" time="0.58" tests="1">
    <testcase classname="Protocol &gt; Requests &gt; ApiVersions &gt; v2 request" name="Protocol &gt; Requests &gt; ApiVersions &gt; v2 request" time="0.013">
    </testcase>
  </testsuite>
  <testsuite name="Protocol &gt; Requests &gt; DescribeGroups &gt; v0" errors="0" failures="0" skipped="0" timestamp="2021-08-18T00:51:32" time="0.546" tests="1">
    <testcase classname="Protocol &gt; Requests &gt; DescribeGroups &gt; v0 request" name="Protocol &gt; Requests &gt; DescribeGroups &gt; v0 request" time="0.01">
    </testcase>
  </testsuite>
  <testsuite name="Protocol &gt; Requests &gt; ListOffsets &gt; v2" errors="0" failures="0" skipped="0" timestamp="2021-08-18T00:51:32" time="0.659" tests="1">
    <testcase classname="Protocol &gt; Requests &gt; ListOffsets &gt; v2 request" name="Protocol &gt; Requests &gt; ListOffsets &gt; v2 request" time="0.013">
    </testcase>
  </testsuite>
  <testsuite name="Protocol &gt; Requests &gt; Fetch &gt; v0" errors="0" failures="0" skipped="0" timestamp="2021-08-18T00:51:33" time="0.539" tests="1">
    <testcase classname="Protocol &gt; Requests &gt; Fetch &gt; v0 request" name="Protocol &gt; Requests &gt; Fetch &gt; v0 request" time="0.012">
    </testcase>
  </testsuite>
  <testsuite name="Protocol &gt; Requests &gt; Fetch &gt; v11" errors="0" failures="0" skipped="0" timestamp="2021-08-18T00:51:33" time="0.469" tests="1">
    <testcase classname="Protocol &gt; Requests &gt; Fetch &gt; v11 request" name="Protocol &gt; Requests &gt; Fetch &gt; v11 request" time="0.011">
    </testcase>
  </testsuite>
  <testsuite name="Protocol &gt; Requests &gt; LeaveGroup &gt; v0" errors="0" failures="0" skipped="0" timestamp="2021-08-18T00:51:33" time="0.502" tests="1">
    <testcase classname="Protocol &gt; Requests &gt; LeaveGroup &gt; v0 request" name="Protocol &gt; Requests &gt; LeaveGroup &gt; v0 request" time="0.011">
    </testcase>
  </testsuite>
  <testsuite name="Protocol &gt; Requests &gt; CreatePartitions &gt; v1" errors="0" failures="0" skipped="0" timestamp="2021-08-18T00:51:33" time="0.487" tests="1">
    <testcase classname="Protocol &gt; Requests &gt; CreatePartitions &gt; v1 request" name="Protocol &gt; Requests &gt; CreatePartitions &gt; v1 request" time="0.011">
    </testcase>
  </testsuite>
  <testsuite name="Protocol &gt; Requests &gt; Metadata &gt; v2" errors="0" failures="0" skipped="0" timestamp="2021-08-18T00:51:33" time="0.448" tests="1">
    <testcase classname="Protocol &gt; Requests &gt; Metadata &gt; v2 request" name="Protocol &gt; Requests &gt; Metadata &gt; v2 request" time="0.007">
    </testcase>
  </testsuite>
  <testsuite name="Protocol &gt; Requests &gt; DeleteAcls &gt; v0" errors="0" failures="0" skipped="0" timestamp="2021-08-18T00:51:33" time="0.432" tests="1">
    <testcase classname="Protocol &gt; Requests &gt; DeleteAcls &gt; v0 request" name="Protocol &gt; Requests &gt; DeleteAcls &gt; v0 request" time="0.009">
    </testcase>
  </testsuite>
  <testsuite name="Protocol &gt; Requests &gt; DescribeConfigs &gt; v1" errors="0" failures="0" skipped="0" timestamp="2021-08-18T00:51:33" time="0.449" tests="1">
    <testcase classname="Protocol &gt; Requests &gt; DescribeConfigs &gt; v1 request" name="Protocol &gt; Requests &gt; DescribeConfigs &gt; v1 request" time="0.007">
    </testcase>
  </testsuite>
</testsuites>